AAG to BDD conversion completed
BDD infomations:
**** CUDD modifiable parameters ****
Hard limit for cache size: 2796202
Cache hit threshold for resizing: 30%
Garbage collection enabled: yes
Limit for fast unique table growth: 1677721
Maximum number of variables sifted per reordering: 1000
Maximum number of variable swaps per reordering: 2000000
Maximum growth while sifting a variable: 1.2
Dynamic reordering of BDDs enabled: yes
Default BDD reordering method: 4
Dynamic reordering of ZDDs enabled: no
Default ZDD reordering method: 4
Realignment of ZDDs to BDDs enabled: no
Realignment of BDDs to ZDDs enabled: no
Dead nodes counted in triggering reordering: no
Group checking criterion: 7
Recombination threshold: 0
Symmetry violation threshold: 0
Arc violation threshold: 0
GA population size: 0
Number of crossovers for GA: 0
Next reordering threshold: 4004
**** CUDD non-modifiable parameters ****
Memory in use: 10971592
Peak number of nodes: 3066
Peak number of live nodes: 2264
Number of BDD variables: 185
Number of ZDD variables: 0
Number of cache entries: 262144
Number of cache look-ups: 2691
Number of cache hits: 1186
Number of cache insertions: 1736
Number of cache collisions: 4
Number of cache deletions: 0
Cache used slots = 0.66% (expected 0.66%)
Soft limit for cache size: 190464
Number of buckets in unique table: 47616
Used buckets in unique table: 4.60% (expected 4.58%)
Number of BDD and ADD nodes: 2264
Number of ZDD nodes: 0
Number of dead BDD and ADD nodes: 0
Number of dead ZDD nodes: 0
Total number of nodes allocated: 2264
Total number of nodes reclaimed: 0
Garbage collections so far: 0
Time for garbage collection: 0.00 sec
Reorderings so far: 0
Time for reordering: 0.00 sec
Node 0 not found in dp, calculating...
Node 16 not found in dp, calculating...
Node 38 not found in dp, calculating...
Node 39 not found in dp, calculating...
Node 40 not found in dp, calculating...
Node 41 not found in dp, calculating...
Node 42 not found in dp, calculating...
Node 70 not found in dp, calculating...
Node 107 not found in dp, calculating...
Node 108 not found in dp, calculating...
Node 109 not found in dp, calculating...
Node 110 not found in dp, calculating...
Node 111 not found in dp, calculating...
Node 112 not found in dp, calculating...
Node 113 not found in dp, calculating...
Node 114 not found in dp, calculating...
Node 115 not found in dp, calculating...
Node 116 not found in dp, calculating...
Node 117 not found in dp, calculating...
Node 118 not found in dp, calculating...
Node 119 not found in dp, calculating...
Node 120 not found in dp, calculating...
Node 121 not found in dp, calculating...
Node 122 not found in dp, calculating...
Node 123 not found in dp, calculating...
Node 124 not found in dp, calculating...
Node 125 not found in dp, calculating...
Node 126 not found in dp, calculating...
Node 127 not found in dp, calculating...
Node 128 not found in dp, calculating...
Node 129 not found in dp, calculating...
Node 130 not found in dp, calculating...
Node 131 not found in dp, calculating...
Node 132 not found in dp, calculating...
Node 133 not found in dp, calculating...
Node 134 not found in dp, calculating...
Node 135 not found in dp, calculating...
Node 136 not found in dp, calculating...
Node 137 not found in dp, calculating...
Node 138 not found in dp, calculating...
Node 139 not found in dp, calculating...
Node 140 not found in dp, calculating...
Node 141 not found in dp, calculating...
Node 142 not found in dp, calculating...
Node 143 not found in dp, calculating...
Node 144 not found in dp, calculating...
Node 145 not found in dp, calculating...
Node 146 not found in dp, calculating...
Node 147 not found in dp, calculating...
Node 148 not found in dp, calculating...
Node 149 not found in dp, calculating...
Node 150 not found in dp, calculating...
Node 151 not found in dp, calculating...
Node 152 not found in dp, calculating...
Node 153 not found in dp, calculating...
Node 154 not found in dp, calculating...
Calculating DP for node: 154 Odd paths: 1, Even paths: 1
Calculating DP for node: 153 Odd paths: 1, Even paths: 2
Calculating DP for node: 152 Odd paths: 1, Even paths: 3
Calculating DP for node: 151 Odd paths: 1, Even paths: 4
Calculating DP for node: 150 Odd paths: 1, Even paths: 5
Calculating DP for node: 149 Odd paths: 1, Even paths: 6
Calculating DP for node: 148 Odd paths: 1, Even paths: 7
Calculating DP for node: 147 Odd paths: 1, Even paths: 8
Calculating DP for node: 146 Odd paths: 1, Even paths: 9
Calculating DP for node: 145 Odd paths: 1, Even paths: 10
Calculating DP for node: 144 Odd paths: 1, Even paths: 11
Calculating DP for node: 143 Odd paths: 1, Even paths: 12
Calculating DP for node: 142 Odd paths: 1, Even paths: 13
Calculating DP for node: 141 Odd paths: 1, Even paths: 14
Calculating DP for node: 140 Odd paths: 1, Even paths: 15
Calculating DP for node: 139 Odd paths: 1, Even paths: 15
Calculating DP for node: 138 Odd paths: 1, Even paths: 15
Calculating DP for node: 137 Odd paths: 15, Even paths: 1
Calculating DP for node: 136 Odd paths: 1, Even paths: 15
Calculating DP for node: 135 Odd paths: 15, Even paths: 1
Calculating DP for node: 134 Odd paths: 1, Even paths: 15
Calculating DP for node: 133 Odd paths: 15, Even paths: 1
Calculating DP for node: 132 Odd paths: 1, Even paths: 15
Calculating DP for node: 131 Odd paths: 15, Even paths: 1
Calculating DP for node: 130 Odd paths: 1, Even paths: 15
Calculating DP for node: 129 Odd paths: 15, Even paths: 1
Calculating DP for node: 128 Odd paths: 1, Even paths: 15
Calculating DP for node: 127 Odd paths: 15, Even paths: 1
Calculating DP for node: 126 Odd paths: 1, Even paths: 15
Calculating DP for node: 125 Odd paths: 15, Even paths: 1
Calculating DP for node: 124 Odd paths: 1, Even paths: 15
Calculating DP for node: 123 Odd paths: 15, Even paths: 1
Calculating DP for node: 122 Odd paths: 1, Even paths: 15
Calculating DP for node: 121 Odd paths: 15, Even paths: 1
Calculating DP for node: 120 Odd paths: 1, Even paths: 15
Calculating DP for node: 119 Odd paths: 15, Even paths: 1
Calculating DP for node: 118 Odd paths: 1, Even paths: 15
Calculating DP for node: 117 Odd paths: 15, Even paths: 1
Calculating DP for node: 116 Odd paths: 1, Even paths: 15
Calculating DP for node: 115 Odd paths: 15, Even paths: 1
Calculating DP for node: 114 Odd paths: 1, Even paths: 15
Calculating DP for node: 113 Odd paths: 15, Even paths: 1
Calculating DP for node: 112 Odd paths: 1, Even paths: 15
Calculating DP for node: 111 Odd paths: 15, Even paths: 1
Calculating DP for node: 110 Odd paths: 1, Even paths: 15
Calculating DP for node: 109 Odd paths: 15, Even paths: 1
Calculating DP for node: 108 Odd paths: 1, Even paths: 15
Calculating DP for node: 107 Odd paths: 15, Even paths: 1
Node 71 not found in dp, calculating...
Node 72 not found in dp, calculating...
Node 73 not found in dp, calculating...
Node 74 not found in dp, calculating...
Node 75 not found in dp, calculating...
Node 76 not found in dp, calculating...
Node 77 not found in dp, calculating...
Node 78 not found in dp, calculating...
Node 79 not found in dp, calculating...
Node 80 not found in dp, calculating...
Node 81 not found in dp, calculating...
Node 82 not found in dp, calculating...
Node 83 not found in dp, calculating...
Node 84 not found in dp, calculating...
Node 85 not found in dp, calculating...
Node 86 not found in dp, calculating...
Node 87 not found in dp, calculating...
Node 88 not found in dp, calculating...
Calculating DP for node: 88 Odd paths: 1, Even paths: 15
Calculating DP for node: 87 Odd paths: 16, Even paths: 16
Calculating DP for node: 86 Odd paths: 17, Even paths: 31
Calculating DP for node: 85 Odd paths: 32, Even paths: 32
Calculating DP for node: 84 Odd paths: 33, Even paths: 47
Calculating DP for node: 83 Odd paths: 48, Even paths: 48
Calculating DP for node: 82 Odd paths: 49, Even paths: 63
Calculating DP for node: 81 Odd paths: 64, Even paths: 64
Calculating DP for node: 80 Odd paths: 65, Even paths: 79
Calculating DP for node: 79 Odd paths: 80, Even paths: 80
Calculating DP for node: 78 Odd paths: 81, Even paths: 95
Calculating DP for node: 77 Odd paths: 96, Even paths: 96
Calculating DP for node: 76 Odd paths: 97, Even paths: 111
Calculating DP for node: 75 Odd paths: 112, Even paths: 112
Calculating DP for node: 74 Odd paths: 113, Even paths: 127
Calculating DP for node: 73 Odd paths: 128, Even paths: 128
Calculating DP for node: 72 Odd paths: 129, Even paths: 143
Calculating DP for node: 71 Odd paths: 144, Even paths: 144
Calculating DP for node: 70 Odd paths: 145, Even paths: 159
Node 43 not found in dp, calculating...
Node 44 not found in dp, calculating...
Node 45 not found in dp, calculating...
Node 46 not found in dp, calculating...
Node 47 not found in dp, calculating...
Node 48 not found in dp, calculating...
Node 49 not found in dp, calculating...
Node 50 not found in dp, calculating...
Node 51 not found in dp, calculating...
Node 52 not found in dp, calculating...
Node 53 not found in dp, calculating...
Node 54 not found in dp, calculating...
Node 55 not found in dp, calculating...
Node 56 not found in dp, calculating...
Node 57 not found in dp, calculating...
Node 58 not found in dp, calculating...
Node 59 not found in dp, calculating...
Node 60 not found in dp, calculating...
Node 61 not found in dp, calculating...
Node 62 not found in dp, calculating...
Node 63 not found in dp, calculating...
Node 64 not found in dp, calculating...
Node 65 not found in dp, calculating...
Node 66 not found in dp, calculating...
Node 67 not found in dp, calculating...
Node 68 not found in dp, calculating...
Node 69 not found in dp, calculating...
Node 70 not found in dp, calculating...
Node 89 not found in dp, calculating...
Node 90 not found in dp, calculating...
Node 91 not found in dp, calculating...
Node 92 not found in dp, calculating...
Node 93 not found in dp, calculating...
Node 94 not found in dp, calculating...
Node 95 not found in dp, calculating...
Node 96 not found in dp, calculating...
Node 97 not found in dp, calculating...
Node 98 not found in dp, calculating...
Node 99 not found in dp, calculating...
Node 100 not found in dp, calculating...
Node 101 not found in dp, calculating...
Node 102 not found in dp, calculating...
Node 103 not found in dp, calculating...
Node 104 not found in dp, calculating...
Node 105 not found in dp, calculating...
Node 106 not found in dp, calculating...
Calculating DP for node: 106 Odd paths: 1, Even paths: 15
Calculating DP for node: 105 Odd paths: 15, Even paths: 1
Calculating DP for node: 104 Odd paths: 1, Even paths: 15
Calculating DP for node: 103 Odd paths: 15, Even paths: 1
Calculating DP for node: 102 Odd paths: 1, Even paths: 15
Calculating DP for node: 101 Odd paths: 15, Even paths: 1
Calculating DP for node: 100 Odd paths: 1, Even paths: 15
Calculating DP for node: 99 Odd paths: 15, Even paths: 1
Calculating DP for node: 98 Odd paths: 1, Even paths: 15
Calculating DP for node: 97 Odd paths: 15, Even paths: 1
Calculating DP for node: 96 Odd paths: 1, Even paths: 15
Calculating DP for node: 95 Odd paths: 15, Even paths: 1
Calculating DP for node: 94 Odd paths: 1, Even paths: 15
Calculating DP for node: 93 Odd paths: 15, Even paths: 1
Calculating DP for node: 92 Odd paths: 1, Even paths: 15
Calculating DP for node: 91 Odd paths: 15, Even paths: 1
Calculating DP for node: 90 Odd paths: 1, Even paths: 15
Calculating DP for node: 89 Odd paths: 15, Even paths: 1
Node 71 not found in dp, calculating...
Node 72 not found in dp, calculating...
Node 73 not found in dp, calculating...
Node 74 not found in dp, calculating...
Node 75 not found in dp, calculating...
Node 76 not found in dp, calculating...
Node 77 not found in dp, calculating...
Node 78 not found in dp, calculating...
Node 79 not found in dp, calculating...
Node 80 not found in dp, calculating...
Node 81 not found in dp, calculating...
Node 82 not found in dp, calculating...
Node 83 not found in dp, calculating...
Node 84 not found in dp, calculating...
Node 85 not found in dp, calculating...
Node 86 not found in dp, calculating...
Node 87 not found in dp, calculating...
Node 88 not found in dp, calculating...
Calculating DP for node: 88 Odd paths: 1, Even paths: 15
Calculating DP for node: 87 Odd paths: 16, Even paths: 16
Calculating DP for node: 86 Odd paths: 17, Even paths: 31
Calculating DP for node: 85 Odd paths: 32, Even paths: 32
Calculating DP for node: 84 Odd paths: 33, Even paths: 47
Calculating DP for node: 83 Odd paths: 48, Even paths: 48
Calculating DP for node: 82 Odd paths: 49, Even paths: 63
Calculating DP for node: 81 Odd paths: 64, Even paths: 64
Calculating DP for node: 80 Odd paths: 65, Even paths: 79
Calculating DP for node: 79 Odd paths: 80, Even paths: 80
Calculating DP for node: 78 Odd paths: 81, Even paths: 95
Calculating DP for node: 77 Odd paths: 96, Even paths: 96
Calculating DP for node: 76 Odd paths: 97, Even paths: 111
Calculating DP for node: 75 Odd paths: 112, Even paths: 112
Calculating DP for node: 74 Odd paths: 113, Even paths: 127
Calculating DP for node: 73 Odd paths: 128, Even paths: 128
Calculating DP for node: 72 Odd paths: 129, Even paths: 143
Calculating DP for node: 71 Odd paths: 144, Even paths: 144
Calculating DP for node: 70 Odd paths: 145, Even paths: 159
Calculating DP for node: 69 Odd paths: 318, Even paths: 290
Calculating DP for node: 68 Odd paths: 449, Even paths: 463
Calculating DP for node: 67 Odd paths: 622, Even paths: 594
Calculating DP for node: 66 Odd paths: 753, Even paths: 767
Calculating DP for node: 65 Odd paths: 926, Even paths: 898
Calculating DP for node: 64 Odd paths: 1057, Even paths: 1071
Calculating DP for node: 63 Odd paths: 1230, Even paths: 1202
Calculating DP for node: 62 Odd paths: 1361, Even paths: 1375
Calculating DP for node: 61 Odd paths: 1534, Even paths: 1506
Calculating DP for node: 60 Odd paths: 1665, Even paths: 1679
Calculating DP for node: 59 Odd paths: 1838, Even paths: 1810
Calculating DP for node: 58 Odd paths: 1969, Even paths: 1983
Calculating DP for node: 57 Odd paths: 2142, Even paths: 2114
Calculating DP for node: 56 Odd paths: 2273, Even paths: 2287
Calculating DP for node: 55 Odd paths: 2446, Even paths: 2418
Calculating DP for node: 54 Odd paths: 2577, Even paths: 2591
Calculating DP for node: 53 Odd paths: 2750, Even paths: 2722
Calculating DP for node: 52 Odd paths: 2881, Even paths: 2895
Calculating DP for node: 51 Odd paths: 3054, Even paths: 3026
Calculating DP for node: 50 Odd paths: 3185, Even paths: 3199
Calculating DP for node: 49 Odd paths: 3358, Even paths: 3330
Calculating DP for node: 48 Odd paths: 3489, Even paths: 3503
Calculating DP for node: 47 Odd paths: 3662, Even paths: 3634
Calculating DP for node: 46 Odd paths: 3793, Even paths: 3807
Calculating DP for node: 45 Odd paths: 3966, Even paths: 3938
Calculating DP for node: 44 Odd paths: 4097, Even paths: 4111
Calculating DP for node: 43 Odd paths: 4270, Even paths: 4242
Calculating DP for node: 42 Odd paths: 4401, Even paths: 4415
Calculating DP for node: 41 Odd paths: 4415, Even paths: 4401
Node 41 not found in dp, calculating...
Calculating DP for node: 41 Odd paths: 4415, Even paths: 4401
Calculating DP for node: 40 Odd paths: 8802, Even paths: 8830
Node 40 not found in dp, calculating...
Calculating DP for node: 40 Odd paths: 8816, Even paths: 8816
Calculating DP for node: 39 Odd paths: 17646, Even paths: 17618
Calculating DP for node: 38 Odd paths: 26434, Even paths: 26462
Node 17 not found in dp, calculating...
Node 18 not found in dp, calculating...
Node 19 not found in dp, calculating...
Node 20 not found in dp, calculating...
Node 21 not found in dp, calculating...
Node 22 not found in dp, calculating...
Node 23 not found in dp, calculating...
Node 24 not found in dp, calculating...
Node 25 not found in dp, calculating...
Node 26 not found in dp, calculating...
Node 27 not found in dp, calculating...
Node 28 not found in dp, calculating...
Node 29 not found in dp, calculating...
Node 30 not found in dp, calculating...
Node 31 not found in dp, calculating...
Node 32 not found in dp, calculating...
Node 33 not found in dp, calculating...
Node 34 not found in dp, calculating...
Node 35 not found in dp, calculating...
Node 36 not found in dp, calculating...
Node 37 not found in dp, calculating...
Calculating DP for node: 37 Odd paths: 26462, Even paths: 26434
Calculating DP for node: 36 Odd paths: 52896, Even paths: 52896
Calculating DP for node: 35 Odd paths: 79358, Even paths: 79330
Calculating DP for node: 34 Odd paths: 105792, Even paths: 105792
Calculating DP for node: 33 Odd paths: 132254, Even paths: 132226
Calculating DP for node: 32 Odd paths: 158688, Even paths: 158688
Calculating DP for node: 31 Odd paths: 185150, Even paths: 185122
Calculating DP for node: 30 Odd paths: 211584, Even paths: 211584
Calculating DP for node: 29 Odd paths: 238046, Even paths: 238018
Calculating DP for node: 28 Odd paths: 264480, Even paths: 264480
Calculating DP for node: 27 Odd paths: 290942, Even paths: 290914
Calculating DP for node: 26 Odd paths: 317376, Even paths: 317376
Calculating DP for node: 25 Odd paths: 343838, Even paths: 343810
Calculating DP for node: 24 Odd paths: 370272, Even paths: 370272
Calculating DP for node: 23 Odd paths: 396734, Even paths: 396706
Calculating DP for node: 22 Odd paths: 423168, Even paths: 423168
Calculating DP for node: 21 Odd paths: 449630, Even paths: 449602
Calculating DP for node: 20 Odd paths: 476064, Even paths: 476064
Calculating DP for node: 19 Odd paths: 502526, Even paths: 502498
Calculating DP for node: 18 Odd paths: 528960, Even paths: 528960
Calculating DP for node: 17 Odd paths: 555422, Even paths: 555394
Calculating DP for node: 16 Odd paths: 581856, Even paths: 581856
Node 1 not found in dp, calculating...
Node 2 not found in dp, calculating...
Node 3 not found in dp, calculating...
Node 4 not found in dp, calculating...
Node 5 not found in dp, calculating...
Node 6 not found in dp, calculating...
Node 7 not found in dp, calculating...
Node 8 not found in dp, calculating...
Node 9 not found in dp, calculating...
Node 10 not found in dp, calculating...
Node 11 not found in dp, calculating...
Node 12 not found in dp, calculating...
Node 13 not found in dp, calculating...
Node 14 not found in dp, calculating...
Node 15 not found in dp, calculating...
Node 16 not found in dp, calculating...
Node 38 not found in dp, calculating...
Node 39 not found in dp, calculating...
Node 40 not found in dp, calculating...
Node 41 not found in dp, calculating...
Node 42 not found in dp, calculating...
Node 70 not found in dp, calculating...
Node 71 not found in dp, calculating...
Node 72 not found in dp, calculating...
Node 73 not found in dp, calculating...
Node 74 not found in dp, calculating...
Node 75 not found in dp, calculating...
Node 76 not found in dp, calculating...
Node 77 not found in dp, calculating...
Node 78 not found in dp, calculating...
Node 79 not found in dp, calculating...
Node 80 not found in dp, calculating...
Node 81 not found in dp, calculating...
Node 82 not found in dp, calculating...
Node 83 not found in dp, calculating...
Node 84 not found in dp, calculating...
Node 85 not found in dp, calculating...
Node 86 not found in dp, calculating...
Node 87 not found in dp, calculating...
Node 88 not found in dp, calculating...
Calculating DP for node: 88 Odd paths: 15, Even paths: 1
Calculating DP for node: 87 Odd paths: 16, Even paths: 16
Calculating DP for node: 86 Odd paths: 31, Even paths: 17
Calculating DP for node: 85 Odd paths: 32, Even paths: 32
Calculating DP for node: 84 Odd paths: 47, Even paths: 33
Calculating DP for node: 83 Odd paths: 48, Even paths: 48
Calculating DP for node: 82 Odd paths: 63, Even paths: 49
Calculating DP for node: 81 Odd paths: 64, Even paths: 64
Calculating DP for node: 80 Odd paths: 79, Even paths: 65
Calculating DP for node: 79 Odd paths: 80, Even paths: 80
Calculating DP for node: 78 Odd paths: 95, Even paths: 81
Calculating DP for node: 77 Odd paths: 96, Even paths: 96
Calculating DP for node: 76 Odd paths: 111, Even paths: 97
Calculating DP for node: 75 Odd paths: 112, Even paths: 112
Calculating DP for node: 74 Odd paths: 127, Even paths: 113
Calculating DP for node: 73 Odd paths: 128, Even paths: 128
Calculating DP for node: 72 Odd paths: 143, Even paths: 129
Calculating DP for node: 71 Odd paths: 144, Even paths: 144
Calculating DP for node: 70 Odd paths: 159, Even paths: 145
Node 43 not found in dp, calculating...
Node 44 not found in dp, calculating...
Node 45 not found in dp, calculating...
Node 46 not found in dp, calculating...
Node 47 not found in dp, calculating...
Node 48 not found in dp, calculating...
Node 49 not found in dp, calculating...
Node 50 not found in dp, calculating...
Node 51 not found in dp, calculating...
Node 52 not found in dp, calculating...
Node 53 not found in dp, calculating...
Node 54 not found in dp, calculating...
Node 55 not found in dp, calculating...
Node 56 not found in dp, calculating...
Node 57 not found in dp, calculating...
Node 58 not found in dp, calculating...
Node 59 not found in dp, calculating...
Node 60 not found in dp, calculating...
Node 61 not found in dp, calculating...
Node 62 not found in dp, calculating...
Node 63 not found in dp, calculating...
Node 64 not found in dp, calculating...
Node 65 not found in dp, calculating...
Node 66 not found in dp, calculating...
Node 67 not found in dp, calculating...
Node 68 not found in dp, calculating...
Node 69 not found in dp, calculating...
Node 70 not found in dp, calculating...
Node 89 not found in dp, calculating...
Node 90 not found in dp, calculating...
Node 91 not found in dp, calculating...
Node 92 not found in dp, calculating...
Node 93 not found in dp, calculating...
Node 94 not found in dp, calculating...
Node 95 not found in dp, calculating...
Node 96 not found in dp, calculating...
Node 97 not found in dp, calculating...
Node 98 not found in dp, calculating...
Node 99 not found in dp, calculating...
Node 100 not found in dp, calculating...
Node 101 not found in dp, calculating...
Node 102 not found in dp, calculating...
Node 103 not found in dp, calculating...
Node 104 not found in dp, calculating...
Node 105 not found in dp, calculating...
Node 106 not found in dp, calculating...
Calculating DP for node: 106 Odd paths: 15, Even paths: 1
Calculating DP for node: 105 Odd paths: 1, Even paths: 15
Calculating DP for node: 104 Odd paths: 15, Even paths: 1
Calculating DP for node: 103 Odd paths: 1, Even paths: 15
Calculating DP for node: 102 Odd paths: 15, Even paths: 1
Calculating DP for node: 101 Odd paths: 1, Even paths: 15
Calculating DP for node: 100 Odd paths: 15, Even paths: 1
Calculating DP for node: 99 Odd paths: 1, Even paths: 15
Calculating DP for node: 98 Odd paths: 15, Even paths: 1
Calculating DP for node: 97 Odd paths: 1, Even paths: 15
Calculating DP for node: 96 Odd paths: 15, Even paths: 1
Calculating DP for node: 95 Odd paths: 1, Even paths: 15
Calculating DP for node: 94 Odd paths: 15, Even paths: 1
Calculating DP for node: 93 Odd paths: 1, Even paths: 15
Calculating DP for node: 92 Odd paths: 15, Even paths: 1
Calculating DP for node: 91 Odd paths: 1, Even paths: 15
Calculating DP for node: 90 Odd paths: 15, Even paths: 1
Calculating DP for node: 89 Odd paths: 1, Even paths: 15
Node 71 not found in dp, calculating...
Node 72 not found in dp, calculating...
Node 73 not found in dp, calculating...
Node 74 not found in dp, calculating...
Node 75 not found in dp, calculating...
Node 76 not found in dp, calculating...
Node 77 not found in dp, calculating...
Node 78 not found in dp, calculating...
Node 79 not found in dp, calculating...
Node 80 not found in dp, calculating...
Node 81 not found in dp, calculating...
Node 82 not found in dp, calculating...
Node 83 not found in dp, calculating...
Node 84 not found in dp, calculating...
Node 85 not found in dp, calculating...
Node 86 not found in dp, calculating...
Node 87 not found in dp, calculating...
Node 88 not found in dp, calculating...
Calculating DP for node: 88 Odd paths: 15, Even paths: 1
Calculating DP for node: 87 Odd paths: 16, Even paths: 16
Calculating DP for node: 86 Odd paths: 31, Even paths: 17
Calculating DP for node: 85 Odd paths: 32, Even paths: 32
Calculating DP for node: 84 Odd paths: 47, Even paths: 33
Calculating DP for node: 83 Odd paths: 48, Even paths: 48
Calculating DP for node: 82 Odd paths: 63, Even paths: 49
Calculating DP for node: 81 Odd paths: 64, Even paths: 64
Calculating DP for node: 80 Odd paths: 79, Even paths: 65
Calculating DP for node: 79 Odd paths: 80, Even paths: 80
Calculating DP for node: 78 Odd paths: 95, Even paths: 81
Calculating DP for node: 77 Odd paths: 96, Even paths: 96
Calculating DP for node: 76 Odd paths: 111, Even paths: 97
Calculating DP for node: 75 Odd paths: 112, Even paths: 112
Calculating DP for node: 74 Odd paths: 127, Even paths: 113
Calculating DP for node: 73 Odd paths: 128, Even paths: 128
Calculating DP for node: 72 Odd paths: 143, Even paths: 129
Calculating DP for node: 71 Odd paths: 144, Even paths: 144
Calculating DP for node: 70 Odd paths: 159, Even paths: 145
Calculating DP for node: 69 Odd paths: 290, Even paths: 318
Calculating DP for node: 68 Odd paths: 463, Even paths: 449
Calculating DP for node: 67 Odd paths: 594, Even paths: 622
Calculating DP for node: 66 Odd paths: 767, Even paths: 753
Calculating DP for node: 65 Odd paths: 898, Even paths: 926
Calculating DP for node: 64 Odd paths: 1071, Even paths: 1057
Calculating DP for node: 63 Odd paths: 1202, Even paths: 1230
Calculating DP for node: 62 Odd paths: 1375, Even paths: 1361
Calculating DP for node: 61 Odd paths: 1506, Even paths: 1534
Calculating DP for node: 60 Odd paths: 1679, Even paths: 1665
Calculating DP for node: 59 Odd paths: 1810, Even paths: 1838
Calculating DP for node: 58 Odd paths: 1983, Even paths: 1969
Calculating DP for node: 57 Odd paths: 2114, Even paths: 2142
Calculating DP for node: 56 Odd paths: 2287, Even paths: 2273
Calculating DP for node: 55 Odd paths: 2418, Even paths: 2446
Calculating DP for node: 54 Odd paths: 2591, Even paths: 2577
Calculating DP for node: 53 Odd paths: 2722, Even paths: 2750
Calculating DP for node: 52 Odd paths: 2895, Even paths: 2881
Calculating DP for node: 51 Odd paths: 3026, Even paths: 3054
Calculating DP for node: 50 Odd paths: 3199, Even paths: 3185
Calculating DP for node: 49 Odd paths: 3330, Even paths: 3358
Calculating DP for node: 48 Odd paths: 3503, Even paths: 3489
Calculating DP for node: 47 Odd paths: 3634, Even paths: 3662
Calculating DP for node: 46 Odd paths: 3807, Even paths: 3793
Calculating DP for node: 45 Odd paths: 3938, Even paths: 3966
Calculating DP for node: 44 Odd paths: 4111, Even paths: 4097
Calculating DP for node: 43 Odd paths: 4242, Even paths: 4270
Calculating DP for node: 42 Odd paths: 4415, Even paths: 4401
Calculating DP for node: 41 Odd paths: 4401, Even paths: 4415
Node 41 not found in dp, calculating...
Calculating DP for node: 41 Odd paths: 4401, Even paths: 4415
Calculating DP for node: 40 Odd paths: 8830, Even paths: 8802
Node 40 not found in dp, calculating...
Calculating DP for node: 40 Odd paths: 8816, Even paths: 8816
Calculating DP for node: 39 Odd paths: 17618, Even paths: 17646
Calculating DP for node: 38 Odd paths: 26462, Even paths: 26434
Node 17 not found in dp, calculating...
Node 18 not found in dp, calculating...
Node 19 not found in dp, calculating...
Node 20 not found in dp, calculating...
Node 21 not found in dp, calculating...
Node 22 not found in dp, calculating...
Node 23 not found in dp, calculating...
Node 24 not found in dp, calculating...
Node 25 not found in dp, calculating...
Node 26 not found in dp, calculating...
Node 27 not found in dp, calculating...
Node 28 not found in dp, calculating...
Node 29 not found in dp, calculating...
Node 30 not found in dp, calculating...
Node 31 not found in dp, calculating...
Node 32 not found in dp, calculating...
Node 33 not found in dp, calculating...
Node 34 not found in dp, calculating...
Node 35 not found in dp, calculating...
Node 36 not found in dp, calculating...
Node 37 not found in dp, calculating...
Calculating DP for node: 37 Odd paths: 26434, Even paths: 26462
Calculating DP for node: 36 Odd paths: 52896, Even paths: 52896
Calculating DP for node: 35 Odd paths: 79330, Even paths: 79358
Calculating DP for node: 34 Odd paths: 105792, Even paths: 105792
Calculating DP for node: 33 Odd paths: 132226, Even paths: 132254
Calculating DP for node: 32 Odd paths: 158688, Even paths: 158688
Calculating DP for node: 31 Odd paths: 185122, Even paths: 185150
Calculating DP for node: 30 Odd paths: 211584, Even paths: 211584
Calculating DP for node: 29 Odd paths: 238018, Even paths: 238046
Calculating DP for node: 28 Odd paths: 264480, Even paths: 264480
Calculating DP for node: 27 Odd paths: 290914, Even paths: 290942
Calculating DP for node: 26 Odd paths: 317376, Even paths: 317376
Calculating DP for node: 25 Odd paths: 343810, Even paths: 343838
Calculating DP for node: 24 Odd paths: 370272, Even paths: 370272
Calculating DP for node: 23 Odd paths: 396706, Even paths: 396734
Calculating DP for node: 22 Odd paths: 423168, Even paths: 423168
Calculating DP for node: 21 Odd paths: 449602, Even paths: 449630
Calculating DP for node: 20 Odd paths: 476064, Even paths: 476064
Calculating DP for node: 19 Odd paths: 502498, Even paths: 502526
Calculating DP for node: 18 Odd paths: 528960, Even paths: 528960
Calculating DP for node: 17 Odd paths: 555394, Even paths: 555422
Calculating DP for node: 16 Odd paths: 581856, Even paths: 581856
Calculating DP for node: 15 Odd paths: 1.16371e+06, Even paths: 1.16371e+06
Calculating DP for node: 14 Odd paths: 1.74557e+06, Even paths: 1.74557e+06
Calculating DP for node: 13 Odd paths: 2.32742e+06, Even paths: 2.32742e+06
Calculating DP for node: 12 Odd paths: 2.90928e+06, Even paths: 2.90928e+06
Calculating DP for node: 11 Odd paths: 3.49114e+06, Even paths: 3.49114e+06
Calculating DP for node: 10 Odd paths: 4.07299e+06, Even paths: 4.07299e+06
Calculating DP for node: 9 Odd paths: 4.65485e+06, Even paths: 4.65485e+06
Calculating DP for node: 8 Odd paths: 5.2367e+06, Even paths: 5.2367e+06
Calculating DP for node: 7 Odd paths: 5.81856e+06, Even paths: 5.81856e+06
Calculating DP for node: 6 Odd paths: 6.40042e+06, Even paths: 6.40042e+06
Calculating DP for node: 5 Odd paths: 6.98227e+06, Even paths: 6.98227e+06
Calculating DP for node: 4 Odd paths: 7.56413e+06, Even paths: 7.56413e+06
Calculating DP for node: 3 Odd paths: 8.14598e+06, Even paths: 8.14598e+06
Calculating DP for node: 2 Odd paths: 8.72784e+06, Even paths: 8.72784e+06
Calculating DP for node: 1 Odd paths: 9.3097e+06, Even paths: 9.3097e+06
Calculating DP for node: 0 Odd paths: 9.89155e+06, Even paths: 9.89155e+06
Warning: Failed to generate valid solution #1 after 100 attempts
Warning: Failed to generate valid solution #2 after 100 attempts
Warning: Failed to generate valid solution #3 after 100 attempts
Warning: Failed to generate valid solution #4 after 100 attempts
Warning: Failed to generate valid solution #5 after 100 attempts
Warning: Failed to generate valid solution #6 after 100 attempts
Warning: Failed to generate valid solution #7 after 100 attempts
Warning: Failed to generate valid solution #8 after 100 attempts
Warning: Failed to generate valid solution #9 after 100 attempts
Warning: Failed to generate valid solution #10 after 100 attempts
Warning: Failed to generate valid solution #11 after 100 attempts
Warning: Failed to generate valid solution #12 after 100 attempts
Warning: Failed to generate valid solution #13 after 100 attempts
Warning: Failed to generate valid solution #14 after 100 attempts
Warning: Failed to generate valid solution #15 after 100 attempts
Warning: Failed to generate valid solution #16 after 100 attempts
Warning: Failed to generate valid solution #17 after 100 attempts
Warning: Failed to generate valid solution #18 after 100 attempts
Warning: Failed to generate valid solution #19 after 100 attempts
Warning: Failed to generate valid solution #20 after 100 attempts
Warning: Failed to generate valid solution #21 after 100 attempts
Warning: Failed to generate valid solution #22 after 100 attempts
Warning: Failed to generate valid solution #23 after 100 attempts
Warning: Failed to generate valid solution #24 after 100 attempts
Warning: Failed to generate valid solution #25 after 100 attempts
Warning: Failed to generate valid solution #26 after 100 attempts
Warning: Failed to generate valid solution #27 after 100 attempts
Warning: Failed to generate valid solution #28 after 100 attempts
Warning: Failed to generate valid solution #29 after 100 attempts
Warning: Failed to generate valid solution #30 after 100 attempts
Warning: Failed to generate valid solution #31 after 100 attempts
Warning: Failed to generate valid solution #32 after 100 attempts
Warning: Failed to generate valid solution #33 after 100 attempts
Warning: Failed to generate valid solution #34 after 100 attempts
Warning: Failed to generate valid solution #35 after 100 attempts
Warning: Failed to generate valid solution #36 after 100 attempts
Warning: Failed to generate valid solution #37 after 100 attempts
Warning: Failed to generate valid solution #38 after 100 attempts
Warning: Failed to generate valid solution #39 after 100 attempts
Warning: Failed to generate valid solution #40 after 100 attempts
Warning: Failed to generate valid solution #41 after 100 attempts
Warning: Failed to generate valid solution #42 after 100 attempts
Warning: Failed to generate valid solution #43 after 100 attempts
Warning: Failed to generate valid solution #44 after 100 attempts
Warning: Failed to generate valid solution #45 after 100 attempts
Warning: Failed to generate valid solution #46 after 100 attempts
Warning: Failed to generate valid solution #47 after 100 attempts
Warning: Failed to generate valid solution #48 after 100 attempts
Warning: Failed to generate valid solution #49 after 100 attempts
Warning: Failed to generate valid solution #50 after 100 attempts
Warning: Failed to generate valid solution #51 after 100 attempts
Warning: Failed to generate valid solution #52 after 100 attempts
Warning: Failed to generate valid solution #53 after 100 attempts
Warning: Failed to generate valid solution #54 after 100 attempts
Warning: Failed to generate valid solution #55 after 100 attempts
Warning: Failed to generate valid solution #56 after 100 attempts
Warning: Failed to generate valid solution #57 after 100 attempts
Warning: Failed to generate valid solution #58 after 100 attempts
Warning: Failed to generate valid solution #59 after 100 attempts
Warning: Failed to generate valid solution #60 after 100 attempts
Warning: Failed to generate valid solution #61 after 100 attempts
Warning: Failed to generate valid solution #62 after 100 attempts
Warning: Failed to generate valid solution #63 after 100 attempts
Warning: Failed to generate valid solution #64 after 100 attempts
Warning: Failed to generate valid solution #65 after 100 attempts
Warning: Failed to generate valid solution #66 after 100 attempts
Warning: Failed to generate valid solution #67 after 100 attempts
Warning: Failed to generate valid solution #68 after 100 attempts
Warning: Failed to generate valid solution #69 after 100 attempts
Warning: Failed to generate valid solution #70 after 100 attempts
Warning: Failed to generate valid solution #71 after 100 attempts
Warning: Failed to generate valid solution #72 after 100 attempts
Warning: Failed to generate valid solution #73 after 100 attempts
Warning: Failed to generate valid solution #74 after 100 attempts
Warning: Failed to generate valid solution #75 after 100 attempts
Warning: Failed to generate valid solution #76 after 100 attempts
Warning: Failed to generate valid solution #77 after 100 attempts
Warning: Failed to generate valid solution #78 after 100 attempts
Warning: Failed to generate valid solution #79 after 100 attempts
Warning: Failed to generate valid solution #80 after 100 attempts
Warning: Failed to generate valid solution #81 after 100 attempts
Warning: Failed to generate valid solution #82 after 100 attempts
Warning: Failed to generate valid solution #83 after 100 attempts
Warning: Failed to generate valid solution #84 after 100 attempts
Warning: Failed to generate valid solution #85 after 100 attempts
Warning: Failed to generate valid solution #86 after 100 attempts
Warning: Failed to generate valid solution #87 after 100 attempts
Warning: Failed to generate valid solution #88 after 100 attempts
Warning: Failed to generate valid solution #89 after 100 attempts
Warning: Failed to generate valid solution #90 after 100 attempts
Warning: Failed to generate valid solution #91 after 100 attempts
Warning: Failed to generate valid solution #92 after 100 attempts
Warning: Failed to generate valid solution #93 after 100 attempts
Warning: Failed to generate valid solution #94 after 100 attempts
Warning: Failed to generate valid solution #95 after 100 attempts
Warning: Failed to generate valid solution #96 after 100 attempts
Warning: Failed to generate valid solution #97 after 100 attempts
Warning: Failed to generate valid solution #98 after 100 attempts
Warning: Failed to generate valid solution #99 after 100 attempts
Warning: Failed to generate valid solution #100 after 100 attempts
Warning: Failed to generate valid solution #101 after 100 attempts
Warning: Failed to generate valid solution #102 after 100 attempts
Warning: Failed to generate valid solution #103 after 100 attempts
Warning: Failed to generate valid solution #104 after 100 attempts
Warning: Failed to generate valid solution #105 after 100 attempts
Warning: Failed to generate valid solution #106 after 100 attempts
Warning: Failed to generate valid solution #107 after 100 attempts
Warning: Failed to generate valid solution #108 after 100 attempts
Warning: Failed to generate valid solution #109 after 100 attempts
Warning: Failed to generate valid solution #110 after 100 attempts
Warning: Failed to generate valid solution #111 after 100 attempts
Warning: Failed to generate valid solution #112 after 100 attempts
Warning: Failed to generate valid solution #113 after 100 attempts
Warning: Failed to generate valid solution #114 after 100 attempts
Warning: Failed to generate valid solution #115 after 100 attempts
Warning: Failed to generate valid solution #116 after 100 attempts
Warning: Failed to generate valid solution #117 after 100 attempts
Warning: Failed to generate valid solution #118 after 100 attempts
Warning: Failed to generate valid solution #119 after 100 attempts
Warning: Failed to generate valid solution #120 after 100 attempts
Warning: Failed to generate valid solution #121 after 100 attempts
Warning: Failed to generate valid solution #122 after 100 attempts
Warning: Failed to generate valid solution #123 after 100 attempts
Warning: Failed to generate valid solution #124 after 100 attempts
Warning: Failed to generate valid solution #125 after 100 attempts
Warning: Failed to generate valid solution #126 after 100 attempts
Warning: Failed to generate valid solution #127 after 100 attempts
Warning: Failed to generate valid solution #128 after 100 attempts
Warning: Failed to generate valid solution #129 after 100 attempts
Warning: Failed to generate valid solution #130 after 100 attempts
Warning: Failed to generate valid solution #131 after 100 attempts
Warning: Failed to generate valid solution #132 after 100 attempts
Warning: Failed to generate valid solution #133 after 100 attempts
Warning: Failed to generate valid solution #134 after 100 attempts
Warning: Failed to generate valid solution #135 after 100 attempts
Warning: Failed to generate valid solution #136 after 100 attempts
Warning: Failed to generate valid solution #137 after 100 attempts
Warning: Failed to generate valid solution #138 after 100 attempts
Warning: Failed to generate valid solution #139 after 100 attempts
Warning: Failed to generate valid solution #140 after 100 attempts
Warning: Failed to generate valid solution #141 after 100 attempts
Warning: Failed to generate valid solution #142 after 100 attempts
Warning: Failed to generate valid solution #143 after 100 attempts
Warning: Failed to generate valid solution #144 after 100 attempts
Warning: Failed to generate valid solution #145 after 100 attempts
Warning: Failed to generate valid solution #146 after 100 attempts
Warning: Failed to generate valid solution #147 after 100 attempts
Warning: Failed to generate valid solution #148 after 100 attempts
Warning: Failed to generate valid solution #149 after 100 attempts
Warning: Failed to generate valid solution #150 after 100 attempts
Warning: Failed to generate valid solution #151 after 100 attempts
Warning: Failed to generate valid solution #152 after 100 attempts
Warning: Failed to generate valid solution #153 after 100 attempts
Warning: Failed to generate valid solution #154 after 100 attempts
Warning: Failed to generate valid solution #155 after 100 attempts
Warning: Failed to generate valid solution #156 after 100 attempts
Warning: Failed to generate valid solution #157 after 100 attempts
Warning: Failed to generate valid solution #158 after 100 attempts
Warning: Failed to generate valid solution #159 after 100 attempts
Warning: Failed to generate valid solution #160 after 100 attempts
Warning: Failed to generate valid solution #161 after 100 attempts
Warning: Failed to generate valid solution #162 after 100 attempts
Warning: Failed to generate valid solution #163 after 100 attempts
Warning: Failed to generate valid solution #164 after 100 attempts
Warning: Failed to generate valid solution #165 after 100 attempts
Warning: Failed to generate valid solution #166 after 100 attempts
Warning: Failed to generate valid solution #167 after 100 attempts
Warning: Failed to generate valid solution #168 after 100 attempts
Warning: Failed to generate valid solution #169 after 100 attempts
Warning: Failed to generate valid solution #170 after 100 attempts
Warning: Failed to generate valid solution #171 after 100 attempts
Warning: Failed to generate valid solution #172 after 100 attempts
Warning: Failed to generate valid solution #173 after 100 attempts
Warning: Failed to generate valid solution #174 after 100 attempts
Warning: Failed to generate valid solution #175 after 100 attempts
Warning: Failed to generate valid solution #176 after 100 attempts
Warning: Failed to generate valid solution #177 after 100 attempts
Warning: Failed to generate valid solution #178 after 100 attempts
Warning: Failed to generate valid solution #179 after 100 attempts
Warning: Failed to generate valid solution #180 after 100 attempts
Warning: Failed to generate valid solution #181 after 100 attempts
Warning: Failed to generate valid solution #182 after 100 attempts
Warning: Failed to generate valid solution #183 after 100 attempts
Warning: Failed to generate valid solution #184 after 100 attempts
Warning: Failed to generate valid solution #185 after 100 attempts
Warning: Failed to generate valid solution #186 after 100 attempts
Warning: Failed to generate valid solution #187 after 100 attempts
Warning: Failed to generate valid solution #188 after 100 attempts
Warning: Failed to generate valid solution #189 after 100 attempts
Warning: Failed to generate valid solution #190 after 100 attempts
Warning: Failed to generate valid solution #191 after 100 attempts
Warning: Failed to generate valid solution #192 after 100 attempts
Warning: Failed to generate valid solution #193 after 100 attempts
Warning: Failed to generate valid solution #194 after 100 attempts
Warning: Failed to generate valid solution #195 after 100 attempts
Warning: Failed to generate valid solution #196 after 100 attempts
Warning: Failed to generate valid solution #197 after 100 attempts
Warning: Failed to generate valid solution #198 after 100 attempts
Warning: Failed to generate valid solution #199 after 100 attempts
Warning: Failed to generate valid solution #200 after 100 attempts
Warning: Failed to generate valid solution #201 after 100 attempts
Warning: Failed to generate valid solution #202 after 100 attempts
Warning: Failed to generate valid solution #203 after 100 attempts
Warning: Failed to generate valid solution #204 after 100 attempts
Warning: Failed to generate valid solution #205 after 100 attempts
Warning: Failed to generate valid solution #206 after 100 attempts
Warning: Failed to generate valid solution #207 after 100 attempts
Warning: Failed to generate valid solution #208 after 100 attempts
Warning: Failed to generate valid solution #209 after 100 attempts
Warning: Failed to generate valid solution #210 after 100 attempts
Warning: Failed to generate valid solution #211 after 100 attempts
Warning: Failed to generate valid solution #212 after 100 attempts
Warning: Failed to generate valid solution #213 after 100 attempts
Warning: Failed to generate valid solution #214 after 100 attempts
Warning: Failed to generate valid solution #215 after 100 attempts
Warning: Failed to generate valid solution #216 after 100 attempts
Warning: Failed to generate valid solution #217 after 100 attempts
Warning: Failed to generate valid solution #218 after 100 attempts
Warning: Failed to generate valid solution #219 after 100 attempts
Warning: Failed to generate valid solution #220 after 100 attempts
Warning: Failed to generate valid solution #221 after 100 attempts
Warning: Failed to generate valid solution #222 after 100 attempts
Warning: Failed to generate valid solution #223 after 100 attempts
Warning: Failed to generate valid solution #224 after 100 attempts
Warning: Failed to generate valid solution #225 after 100 attempts
Warning: Failed to generate valid solution #226 after 100 attempts
Warning: Failed to generate valid solution #227 after 100 attempts
Warning: Failed to generate valid solution #228 after 100 attempts
Warning: Failed to generate valid solution #229 after 100 attempts
Warning: Failed to generate valid solution #230 after 100 attempts
Warning: Failed to generate valid solution #231 after 100 attempts
Warning: Failed to generate valid solution #232 after 100 attempts
Warning: Failed to generate valid solution #233 after 100 attempts
Warning: Failed to generate valid solution #234 after 100 attempts
Warning: Failed to generate valid solution #235 after 100 attempts
Warning: Failed to generate valid solution #236 after 100 attempts
Warning: Failed to generate valid solution #237 after 100 attempts
Warning: Failed to generate valid solution #238 after 100 attempts
Warning: Failed to generate valid solution #239 after 100 attempts
Warning: Failed to generate valid solution #240 after 100 attempts
Warning: Failed to generate valid solution #241 after 100 attempts
Warning: Failed to generate valid solution #242 after 100 attempts
Warning: Failed to generate valid solution #243 after 100 attempts
Warning: Failed to generate valid solution #244 after 100 attempts
Warning: Failed to generate valid solution #245 after 100 attempts
Warning: Failed to generate valid solution #246 after 100 attempts
Warning: Failed to generate valid solution #247 after 100 attempts
Warning: Failed to generate valid solution #248 after 100 attempts
Warning: Failed to generate valid solution #249 after 100 attempts
Warning: Failed to generate valid solution #250 after 100 attempts
Warning: Failed to generate valid solution #251 after 100 attempts
Warning: Failed to generate valid solution #252 after 100 attempts
Warning: Failed to generate valid solution #253 after 100 attempts
Warning: Failed to generate valid solution #254 after 100 attempts
Warning: Failed to generate valid solution #255 after 100 attempts
Warning: Failed to generate valid solution #256 after 100 attempts
Warning: Failed to generate valid solution #257 after 100 attempts
Warning: Failed to generate valid solution #258 after 100 attempts
Warning: Failed to generate valid solution #259 after 100 attempts
Warning: Failed to generate valid solution #260 after 100 attempts
Warning: Failed to generate valid solution #261 after 100 attempts
Warning: Failed to generate valid solution #262 after 100 attempts
Warning: Failed to generate valid solution #263 after 100 attempts
Warning: Failed to generate valid solution #264 after 100 attempts
Warning: Failed to generate valid solution #265 after 100 attempts
Warning: Failed to generate valid solution #266 after 100 attempts
Warning: Failed to generate valid solution #267 after 100 attempts
Warning: Failed to generate valid solution #268 after 100 attempts
Warning: Failed to generate valid solution #269 after 100 attempts
Warning: Failed to generate valid solution #270 after 100 attempts
Warning: Failed to generate valid solution #271 after 100 attempts
Warning: Failed to generate valid solution #272 after 100 attempts
Warning: Failed to generate valid solution #273 after 100 attempts
Warning: Failed to generate valid solution #274 after 100 attempts
Warning: Failed to generate valid solution #275 after 100 attempts
Warning: Failed to generate valid solution #276 after 100 attempts
Warning: Failed to generate valid solution #277 after 100 attempts
Warning: Failed to generate valid solution #278 after 100 attempts
Warning: Failed to generate valid solution #279 after 100 attempts
Warning: Failed to generate valid solution #280 after 100 attempts
Warning: Failed to generate valid solution #281 after 100 attempts
Warning: Failed to generate valid solution #282 after 100 attempts
Warning: Failed to generate valid solution #283 after 100 attempts
Warning: Failed to generate valid solution #284 after 100 attempts
Warning: Failed to generate valid solution #285 after 100 attempts
Warning: Failed to generate valid solution #286 after 100 attempts
Warning: Failed to generate valid solution #287 after 100 attempts
Warning: Failed to generate valid solution #288 after 100 attempts
Warning: Failed to generate valid solution #289 after 100 attempts
Warning: Failed to generate valid solution #290 after 100 attempts
Warning: Failed to generate valid solution #291 after 100 attempts
Warning: Failed to generate valid solution #292 after 100 attempts
Warning: Failed to generate valid solution #293 after 100 attempts
Warning: Failed to generate valid solution #294 after 100 attempts
Warning: Failed to generate valid solution #295 after 100 attempts
Warning: Failed to generate valid solution #296 after 100 attempts
Warning: Failed to generate valid solution #297 after 100 attempts
Warning: Failed to generate valid solution #298 after 100 attempts
Warning: Failed to generate valid solution #299 after 100 attempts
Warning: Failed to generate valid solution #300 after 100 attempts
Warning: Failed to generate valid solution #301 after 100 attempts
Warning: Failed to generate valid solution #302 after 100 attempts
Warning: Failed to generate valid solution #303 after 100 attempts
Warning: Failed to generate valid solution #304 after 100 attempts
Warning: Failed to generate valid solution #305 after 100 attempts
Warning: Failed to generate valid solution #306 after 100 attempts
Warning: Failed to generate valid solution #307 after 100 attempts
Warning: Failed to generate valid solution #308 after 100 attempts
Warning: Failed to generate valid solution #309 after 100 attempts
Warning: Failed to generate valid solution #310 after 100 attempts
Warning: Failed to generate valid solution #311 after 100 attempts
Warning: Failed to generate valid solution #312 after 100 attempts
Warning: Failed to generate valid solution #313 after 100 attempts
Warning: Failed to generate valid solution #314 after 100 attempts
Warning: Failed to generate valid solution #315 after 100 attempts
Warning: Failed to generate valid solution #316 after 100 attempts
Warning: Failed to generate valid solution #317 after 100 attempts
Warning: Failed to generate valid solution #318 after 100 attempts
Warning: Failed to generate valid solution #319 after 100 attempts
Warning: Failed to generate valid solution #320 after 100 attempts
Warning: Failed to generate valid solution #321 after 100 attempts
Warning: Failed to generate valid solution #322 after 100 attempts
Warning: Failed to generate valid solution #323 after 100 attempts
Warning: Failed to generate valid solution #324 after 100 attempts
Warning: Failed to generate valid solution #325 after 100 attempts
Warning: Failed to generate valid solution #326 after 100 attempts
Warning: Failed to generate valid solution #327 after 100 attempts
Warning: Failed to generate valid solution #328 after 100 attempts
Warning: Failed to generate valid solution #329 after 100 attempts
Warning: Failed to generate valid solution #330 after 100 attempts
Warning: Failed to generate valid solution #331 after 100 attempts
Warning: Failed to generate valid solution #332 after 100 attempts
Warning: Failed to generate valid solution #333 after 100 attempts
Warning: Failed to generate valid solution #334 after 100 attempts
Warning: Failed to generate valid solution #335 after 100 attempts
Warning: Failed to generate valid solution #336 after 100 attempts
Warning: Failed to generate valid solution #337 after 100 attempts
Warning: Failed to generate valid solution #338 after 100 attempts
Warning: Failed to generate valid solution #339 after 100 attempts
Warning: Failed to generate valid solution #340 after 100 attempts
Warning: Failed to generate valid solution #341 after 100 attempts
Warning: Failed to generate valid solution #342 after 100 attempts
Warning: Failed to generate valid solution #343 after 100 attempts
Warning: Failed to generate valid solution #344 after 100 attempts
Warning: Failed to generate valid solution #345 after 100 attempts
Warning: Failed to generate valid solution #346 after 100 attempts
Warning: Failed to generate valid solution #347 after 100 attempts
Warning: Failed to generate valid solution #348 after 100 attempts
Warning: Failed to generate valid solution #349 after 100 attempts
Warning: Failed to generate valid solution #350 after 100 attempts
Warning: Failed to generate valid solution #351 after 100 attempts
Warning: Failed to generate valid solution #352 after 100 attempts
Warning: Failed to generate valid solution #353 after 100 attempts
Warning: Failed to generate valid solution #354 after 100 attempts
Warning: Failed to generate valid solution #355 after 100 attempts
Warning: Failed to generate valid solution #356 after 100 attempts
Warning: Failed to generate valid solution #357 after 100 attempts
Warning: Failed to generate valid solution #358 after 100 attempts
Warning: Failed to generate valid solution #359 after 100 attempts
Warning: Failed to generate valid solution #360 after 100 attempts
Warning: Failed to generate valid solution #361 after 100 attempts
Warning: Failed to generate valid solution #362 after 100 attempts
Warning: Failed to generate valid solution #363 after 100 attempts
Warning: Failed to generate valid solution #364 after 100 attempts
Warning: Failed to generate valid solution #365 after 100 attempts
Warning: Failed to generate valid solution #366 after 100 attempts
Warning: Failed to generate valid solution #367 after 100 attempts
Warning: Failed to generate valid solution #368 after 100 attempts
Warning: Failed to generate valid solution #369 after 100 attempts
Warning: Failed to generate valid solution #370 after 100 attempts
Warning: Failed to generate valid solution #371 after 100 attempts
Warning: Failed to generate valid solution #372 after 100 attempts
Warning: Failed to generate valid solution #373 after 100 attempts
Warning: Failed to generate valid solution #374 after 100 attempts
Warning: Failed to generate valid solution #375 after 100 attempts
Warning: Failed to generate valid solution #376 after 100 attempts
Warning: Failed to generate valid solution #377 after 100 attempts
Warning: Failed to generate valid solution #378 after 100 attempts
Warning: Failed to generate valid solution #379 after 100 attempts
Warning: Failed to generate valid solution #380 after 100 attempts
Warning: Failed to generate valid solution #381 after 100 attempts
Warning: Failed to generate valid solution #382 after 100 attempts
Warning: Failed to generate valid solution #383 after 100 attempts
Warning: Failed to generate valid solution #384 after 100 attempts
Warning: Failed to generate valid solution #385 after 100 attempts
Warning: Failed to generate valid solution #386 after 100 attempts
Warning: Failed to generate valid solution #387 after 100 attempts
Warning: Failed to generate valid solution #388 after 100 attempts
Warning: Failed to generate valid solution #389 after 100 attempts
Warning: Failed to generate valid solution #390 after 100 attempts
Warning: Failed to generate valid solution #391 after 100 attempts
Warning: Failed to generate valid solution #392 after 100 attempts
Warning: Failed to generate valid solution #393 after 100 attempts
Warning: Failed to generate valid solution #394 after 100 attempts
Warning: Failed to generate valid solution #395 after 100 attempts
Warning: Failed to generate valid solution #396 after 100 attempts
Warning: Failed to generate valid solution #397 after 100 attempts
Warning: Failed to generate valid solution #398 after 100 attempts
Warning: Failed to generate valid solution #399 after 100 attempts
Warning: Failed to generate valid solution #400 after 100 attempts
Warning: Failed to generate valid solution #401 after 100 attempts
Warning: Failed to generate valid solution #402 after 100 attempts
Warning: Failed to generate valid solution #403 after 100 attempts
Warning: Failed to generate valid solution #404 after 100 attempts
Warning: Failed to generate valid solution #405 after 100 attempts
Warning: Failed to generate valid solution #406 after 100 attempts
Warning: Failed to generate valid solution #407 after 100 attempts
Warning: Failed to generate valid solution #408 after 100 attempts
Warning: Failed to generate valid solution #409 after 100 attempts
Warning: Failed to generate valid solution #410 after 100 attempts
Warning: Failed to generate valid solution #411 after 100 attempts
Warning: Failed to generate valid solution #412 after 100 attempts
Warning: Failed to generate valid solution #413 after 100 attempts
Warning: Failed to generate valid solution #414 after 100 attempts
Warning: Failed to generate valid solution #415 after 100 attempts
Warning: Failed to generate valid solution #416 after 100 attempts
Warning: Failed to generate valid solution #417 after 100 attempts
Warning: Failed to generate valid solution #418 after 100 attempts
Warning: Failed to generate valid solution #419 after 100 attempts
Warning: Failed to generate valid solution #420 after 100 attempts
Warning: Failed to generate valid solution #421 after 100 attempts
Warning: Failed to generate valid solution #422 after 100 attempts
Warning: Failed to generate valid solution #423 after 100 attempts
Warning: Failed to generate valid solution #424 after 100 attempts
Warning: Failed to generate valid solution #425 after 100 attempts
Warning: Failed to generate valid solution #426 after 100 attempts
Warning: Failed to generate valid solution #427 after 100 attempts
Warning: Failed to generate valid solution #428 after 100 attempts
Warning: Failed to generate valid solution #429 after 100 attempts
Warning: Failed to generate valid solution #430 after 100 attempts
Warning: Failed to generate valid solution #431 after 100 attempts
Warning: Failed to generate valid solution #432 after 100 attempts
Warning: Failed to generate valid solution #433 after 100 attempts
Warning: Failed to generate valid solution #434 after 100 attempts
Warning: Failed to generate valid solution #435 after 100 attempts
Warning: Failed to generate valid solution #436 after 100 attempts
Warning: Failed to generate valid solution #437 after 100 attempts
Warning: Failed to generate valid solution #438 after 100 attempts
Warning: Failed to generate valid solution #439 after 100 attempts
Warning: Failed to generate valid solution #440 after 100 attempts
Warning: Failed to generate valid solution #441 after 100 attempts
Warning: Failed to generate valid solution #442 after 100 attempts
Warning: Failed to generate valid solution #443 after 100 attempts
Warning: Failed to generate valid solution #444 after 100 attempts
Warning: Failed to generate valid solution #445 after 100 attempts
Warning: Failed to generate valid solution #446 after 100 attempts
Warning: Failed to generate valid solution #447 after 100 attempts
Warning: Failed to generate valid solution #448 after 100 attempts
Warning: Failed to generate valid solution #449 after 100 attempts
Warning: Failed to generate valid solution #450 after 100 attempts
Warning: Failed to generate valid solution #451 after 100 attempts
Warning: Failed to generate valid solution #452 after 100 attempts
Warning: Failed to generate valid solution #453 after 100 attempts
Warning: Failed to generate valid solution #454 after 100 attempts
Warning: Failed to generate valid solution #455 after 100 attempts
Warning: Failed to generate valid solution #456 after 100 attempts
Warning: Failed to generate valid solution #457 after 100 attempts
Warning: Failed to generate valid solution #458 after 100 attempts
Warning: Failed to generate valid solution #459 after 100 attempts
Warning: Failed to generate valid solution #460 after 100 attempts
Warning: Failed to generate valid solution #461 after 100 attempts
Warning: Failed to generate valid solution #462 after 100 attempts
Warning: Failed to generate valid solution #463 after 100 attempts
Warning: Failed to generate valid solution #464 after 100 attempts
Warning: Failed to generate valid solution #465 after 100 attempts
Warning: Failed to generate valid solution #466 after 100 attempts
Warning: Failed to generate valid solution #467 after 100 attempts
Warning: Failed to generate valid solution #468 after 100 attempts
Warning: Failed to generate valid solution #469 after 100 attempts
Warning: Failed to generate valid solution #470 after 100 attempts
Warning: Failed to generate valid solution #471 after 100 attempts
Warning: Failed to generate valid solution #472 after 100 attempts
Warning: Failed to generate valid solution #473 after 100 attempts
Warning: Failed to generate valid solution #474 after 100 attempts
Warning: Failed to generate valid solution #475 after 100 attempts
Warning: Failed to generate valid solution #476 after 100 attempts
Warning: Failed to generate valid solution #477 after 100 attempts
Warning: Failed to generate valid solution #478 after 100 attempts
Warning: Failed to generate valid solution #479 after 100 attempts
Warning: Failed to generate valid solution #480 after 100 attempts
Warning: Failed to generate valid solution #481 after 100 attempts
Warning: Failed to generate valid solution #482 after 100 attempts
Warning: Failed to generate valid solution #483 after 100 attempts
Warning: Failed to generate valid solution #484 after 100 attempts
Warning: Failed to generate valid solution #485 after 100 attempts
Warning: Failed to generate valid solution #486 after 100 attempts
Warning: Failed to generate valid solution #487 after 100 attempts
Warning: Failed to generate valid solution #488 after 100 attempts
Warning: Failed to generate valid solution #489 after 100 attempts
Warning: Failed to generate valid solution #490 after 100 attempts
Warning: Failed to generate valid solution #491 after 100 attempts
Warning: Failed to generate valid solution #492 after 100 attempts
Warning: Failed to generate valid solution #493 after 100 attempts
Warning: Failed to generate valid solution #494 after 100 attempts
Warning: Failed to generate valid solution #495 after 100 attempts
Warning: Failed to generate valid solution #496 after 100 attempts
Warning: Failed to generate valid solution #497 after 100 attempts
Warning: Failed to generate valid solution #498 after 100 attempts
Warning: Failed to generate valid solution #499 after 100 attempts
Warning: Failed to generate valid solution #500 after 100 attempts
Warning: Failed to generate valid solution #501 after 100 attempts
Warning: Failed to generate valid solution #502 after 100 attempts
Warning: Failed to generate valid solution #503 after 100 attempts
Warning: Failed to generate valid solution #504 after 100 attempts
Warning: Failed to generate valid solution #505 after 100 attempts
Warning: Failed to generate valid solution #506 after 100 attempts
Warning: Failed to generate valid solution #507 after 100 attempts
Warning: Failed to generate valid solution #508 after 100 attempts
Warning: Failed to generate valid solution #509 after 100 attempts
Warning: Failed to generate valid solution #510 after 100 attempts
Warning: Failed to generate valid solution #511 after 100 attempts
Warning: Failed to generate valid solution #512 after 100 attempts
Warning: Failed to generate valid solution #513 after 100 attempts
Warning: Failed to generate valid solution #514 after 100 attempts
Warning: Failed to generate valid solution #515 after 100 attempts
Warning: Failed to generate valid solution #516 after 100 attempts
Warning: Failed to generate valid solution #517 after 100 attempts
Warning: Failed to generate valid solution #518 after 100 attempts
Warning: Failed to generate valid solution #519 after 100 attempts
Warning: Failed to generate valid solution #520 after 100 attempts
Warning: Failed to generate valid solution #521 after 100 attempts
Warning: Failed to generate valid solution #522 after 100 attempts
Warning: Failed to generate valid solution #523 after 100 attempts
Warning: Failed to generate valid solution #524 after 100 attempts
Warning: Failed to generate valid solution #525 after 100 attempts
Warning: Failed to generate valid solution #526 after 100 attempts
Warning: Failed to generate valid solution #527 after 100 attempts
Warning: Failed to generate valid solution #528 after 100 attempts
Warning: Failed to generate valid solution #529 after 100 attempts
Warning: Failed to generate valid solution #530 after 100 attempts
Warning: Failed to generate valid solution #531 after 100 attempts
Warning: Failed to generate valid solution #532 after 100 attempts
Warning: Failed to generate valid solution #533 after 100 attempts
Warning: Failed to generate valid solution #534 after 100 attempts
Warning: Failed to generate valid solution #535 after 100 attempts
Warning: Failed to generate valid solution #536 after 100 attempts
Warning: Failed to generate valid solution #537 after 100 attempts
Warning: Failed to generate valid solution #538 after 100 attempts
Warning: Failed to generate valid solution #539 after 100 attempts
Warning: Failed to generate valid solution #540 after 100 attempts
Warning: Failed to generate valid solution #541 after 100 attempts
Warning: Failed to generate valid solution #542 after 100 attempts
Warning: Failed to generate valid solution #543 after 100 attempts
Warning: Failed to generate valid solution #544 after 100 attempts
Warning: Failed to generate valid solution #545 after 100 attempts
Warning: Failed to generate valid solution #546 after 100 attempts
Warning: Failed to generate valid solution #547 after 100 attempts
Warning: Failed to generate valid solution #548 after 100 attempts
Warning: Failed to generate valid solution #549 after 100 attempts
Warning: Failed to generate valid solution #550 after 100 attempts
Warning: Failed to generate valid solution #551 after 100 attempts
Warning: Failed to generate valid solution #552 after 100 attempts
Warning: Failed to generate valid solution #553 after 100 attempts
Warning: Failed to generate valid solution #554 after 100 attempts
Warning: Failed to generate valid solution #555 after 100 attempts
Warning: Failed to generate valid solution #556 after 100 attempts
Warning: Failed to generate valid solution #557 after 100 attempts
Warning: Failed to generate valid solution #558 after 100 attempts
Warning: Failed to generate valid solution #559 after 100 attempts
Warning: Failed to generate valid solution #560 after 100 attempts
Warning: Failed to generate valid solution #561 after 100 attempts
Warning: Failed to generate valid solution #562 after 100 attempts
Warning: Failed to generate valid solution #563 after 100 attempts
Warning: Failed to generate valid solution #564 after 100 attempts
Warning: Failed to generate valid solution #565 after 100 attempts
Warning: Failed to generate valid solution #566 after 100 attempts
Warning: Failed to generate valid solution #567 after 100 attempts
Warning: Failed to generate valid solution #568 after 100 attempts
Warning: Failed to generate valid solution #569 after 100 attempts
Warning: Failed to generate valid solution #570 after 100 attempts
Warning: Failed to generate valid solution #571 after 100 attempts
Warning: Failed to generate valid solution #572 after 100 attempts
Warning: Failed to generate valid solution #573 after 100 attempts
Warning: Failed to generate valid solution #574 after 100 attempts
Warning: Failed to generate valid solution #575 after 100 attempts
Warning: Failed to generate valid solution #576 after 100 attempts
Warning: Failed to generate valid solution #577 after 100 attempts
Warning: Failed to generate valid solution #578 after 100 attempts
Warning: Failed to generate valid solution #579 after 100 attempts
Warning: Failed to generate valid solution #580 after 100 attempts
Warning: Failed to generate valid solution #581 after 100 attempts
Warning: Failed to generate valid solution #582 after 100 attempts
Warning: Failed to generate valid solution #583 after 100 attempts
Warning: Failed to generate valid solution #584 after 100 attempts
Warning: Failed to generate valid solution #585 after 100 attempts
Warning: Failed to generate valid solution #586 after 100 attempts
Warning: Failed to generate valid solution #587 after 100 attempts
Warning: Failed to generate valid solution #588 after 100 attempts
Warning: Failed to generate valid solution #589 after 100 attempts
Warning: Failed to generate valid solution #590 after 100 attempts
Warning: Failed to generate valid solution #591 after 100 attempts
Warning: Failed to generate valid solution #592 after 100 attempts
Warning: Failed to generate valid solution #593 after 100 attempts
Warning: Failed to generate valid solution #594 after 100 attempts
Warning: Failed to generate valid solution #595 after 100 attempts
Warning: Failed to generate valid solution #596 after 100 attempts
Warning: Failed to generate valid solution #597 after 100 attempts
Warning: Failed to generate valid solution #598 after 100 attempts
Warning: Failed to generate valid solution #599 after 100 attempts
Warning: Failed to generate valid solution #600 after 100 attempts
Warning: Failed to generate valid solution #601 after 100 attempts
Warning: Failed to generate valid solution #602 after 100 attempts
Warning: Failed to generate valid solution #603 after 100 attempts
Warning: Failed to generate valid solution #604 after 100 attempts
Warning: Failed to generate valid solution #605 after 100 attempts
Warning: Failed to generate valid solution #606 after 100 attempts
Warning: Failed to generate valid solution #607 after 100 attempts
Warning: Failed to generate valid solution #608 after 100 attempts
Warning: Failed to generate valid solution #609 after 100 attempts
Warning: Failed to generate valid solution #610 after 100 attempts
Warning: Failed to generate valid solution #611 after 100 attempts
Warning: Failed to generate valid solution #612 after 100 attempts
Warning: Failed to generate valid solution #613 after 100 attempts
Warning: Failed to generate valid solution #614 after 100 attempts
Warning: Failed to generate valid solution #615 after 100 attempts
Warning: Failed to generate valid solution #616 after 100 attempts
Warning: Failed to generate valid solution #617 after 100 attempts
Warning: Failed to generate valid solution #618 after 100 attempts
Warning: Failed to generate valid solution #619 after 100 attempts
Warning: Failed to generate valid solution #620 after 100 attempts
Warning: Failed to generate valid solution #621 after 100 attempts
Warning: Failed to generate valid solution #622 after 100 attempts
Warning: Failed to generate valid solution #623 after 100 attempts
Warning: Failed to generate valid solution #624 after 100 attempts
Warning: Failed to generate valid solution #625 after 100 attempts
Warning: Failed to generate valid solution #626 after 100 attempts
Warning: Failed to generate valid solution #627 after 100 attempts
Warning: Failed to generate valid solution #628 after 100 attempts
Warning: Failed to generate valid solution #629 after 100 attempts
Warning: Failed to generate valid solution #630 after 100 attempts
Warning: Failed to generate valid solution #631 after 100 attempts
Warning: Failed to generate valid solution #632 after 100 attempts
Warning: Failed to generate valid solution #633 after 100 attempts
Warning: Failed to generate valid solution #634 after 100 attempts
Warning: Failed to generate valid solution #635 after 100 attempts
Warning: Failed to generate valid solution #636 after 100 attempts
Warning: Failed to generate valid solution #637 after 100 attempts
Warning: Failed to generate valid solution #638 after 100 attempts
Warning: Failed to generate valid solution #639 after 100 attempts
Warning: Failed to generate valid solution #640 after 100 attempts
Warning: Failed to generate valid solution #641 after 100 attempts
Warning: Failed to generate valid solution #642 after 100 attempts
Warning: Failed to generate valid solution #643 after 100 attempts
Warning: Failed to generate valid solution #644 after 100 attempts
Warning: Failed to generate valid solution #645 after 100 attempts
Warning: Failed to generate valid solution #646 after 100 attempts
Warning: Failed to generate valid solution #647 after 100 attempts
Warning: Failed to generate valid solution #648 after 100 attempts
Warning: Failed to generate valid solution #649 after 100 attempts
Warning: Failed to generate valid solution #650 after 100 attempts
Warning: Failed to generate valid solution #651 after 100 attempts
Warning: Failed to generate valid solution #652 after 100 attempts
Warning: Failed to generate valid solution #653 after 100 attempts
Warning: Failed to generate valid solution #654 after 100 attempts
Warning: Failed to generate valid solution #655 after 100 attempts
Warning: Failed to generate valid solution #656 after 100 attempts
Warning: Failed to generate valid solution #657 after 100 attempts
Warning: Failed to generate valid solution #658 after 100 attempts
Warning: Failed to generate valid solution #659 after 100 attempts
Warning: Failed to generate valid solution #660 after 100 attempts
Warning: Failed to generate valid solution #661 after 100 attempts
Warning: Failed to generate valid solution #662 after 100 attempts
Warning: Failed to generate valid solution #663 after 100 attempts
Warning: Failed to generate valid solution #664 after 100 attempts
Warning: Failed to generate valid solution #665 after 100 attempts
Warning: Failed to generate valid solution #666 after 100 attempts
Warning: Failed to generate valid solution #667 after 100 attempts
Warning: Failed to generate valid solution #668 after 100 attempts
Warning: Failed to generate valid solution #669 after 100 attempts
Warning: Failed to generate valid solution #670 after 100 attempts
Warning: Failed to generate valid solution #671 after 100 attempts
Warning: Failed to generate valid solution #672 after 100 attempts
Warning: Failed to generate valid solution #673 after 100 attempts
Warning: Failed to generate valid solution #674 after 100 attempts
Warning: Failed to generate valid solution #675 after 100 attempts
Warning: Failed to generate valid solution #676 after 100 attempts
Warning: Failed to generate valid solution #677 after 100 attempts
Warning: Failed to generate valid solution #678 after 100 attempts
Warning: Failed to generate valid solution #679 after 100 attempts
Warning: Failed to generate valid solution #680 after 100 attempts
Warning: Failed to generate valid solution #681 after 100 attempts
Warning: Failed to generate valid solution #682 after 100 attempts
Warning: Failed to generate valid solution #683 after 100 attempts
Warning: Failed to generate valid solution #684 after 100 attempts
Warning: Failed to generate valid solution #685 after 100 attempts
Warning: Failed to generate valid solution #686 after 100 attempts
Warning: Failed to generate valid solution #687 after 100 attempts
Warning: Failed to generate valid solution #688 after 100 attempts
Warning: Failed to generate valid solution #689 after 100 attempts
Warning: Failed to generate valid solution #690 after 100 attempts
Warning: Failed to generate valid solution #691 after 100 attempts
Warning: Failed to generate valid solution #692 after 100 attempts
Warning: Failed to generate valid solution #693 after 100 attempts
Warning: Failed to generate valid solution #694 after 100 attempts
Warning: Failed to generate valid solution #695 after 100 attempts
Warning: Failed to generate valid solution #696 after 100 attempts
Warning: Failed to generate valid solution #697 after 100 attempts
Warning: Failed to generate valid solution #698 after 100 attempts
Warning: Failed to generate valid solution #699 after 100 attempts
Warning: Failed to generate valid solution #700 after 100 attempts
Warning: Failed to generate valid solution #701 after 100 attempts
Warning: Failed to generate valid solution #702 after 100 attempts
Warning: Failed to generate valid solution #703 after 100 attempts
Warning: Failed to generate valid solution #704 after 100 attempts
Warning: Failed to generate valid solution #705 after 100 attempts
Warning: Failed to generate valid solution #706 after 100 attempts
Warning: Failed to generate valid solution #707 after 100 attempts
Warning: Failed to generate valid solution #708 after 100 attempts
Warning: Failed to generate valid solution #709 after 100 attempts
Warning: Failed to generate valid solution #710 after 100 attempts
Warning: Failed to generate valid solution #711 after 100 attempts
Warning: Failed to generate valid solution #712 after 100 attempts
Warning: Failed to generate valid solution #713 after 100 attempts
Warning: Failed to generate valid solution #714 after 100 attempts
Warning: Failed to generate valid solution #715 after 100 attempts
Warning: Failed to generate valid solution #716 after 100 attempts
Warning: Failed to generate valid solution #717 after 100 attempts
Warning: Failed to generate valid solution #718 after 100 attempts
Warning: Failed to generate valid solution #719 after 100 attempts
Warning: Failed to generate valid solution #720 after 100 attempts
Warning: Failed to generate valid solution #721 after 100 attempts
Warning: Failed to generate valid solution #722 after 100 attempts
Warning: Failed to generate valid solution #723 after 100 attempts
Warning: Failed to generate valid solution #724 after 100 attempts
Warning: Failed to generate valid solution #725 after 100 attempts
Warning: Failed to generate valid solution #726 after 100 attempts
Warning: Failed to generate valid solution #727 after 100 attempts
Warning: Failed to generate valid solution #728 after 100 attempts
Warning: Failed to generate valid solution #729 after 100 attempts
Warning: Failed to generate valid solution #730 after 100 attempts
Warning: Failed to generate valid solution #731 after 100 attempts
Warning: Failed to generate valid solution #732 after 100 attempts
Warning: Failed to generate valid solution #733 after 100 attempts
Warning: Failed to generate valid solution #734 after 100 attempts
Warning: Failed to generate valid solution #735 after 100 attempts
Warning: Failed to generate valid solution #736 after 100 attempts
Warning: Failed to generate valid solution #737 after 100 attempts
Warning: Failed to generate valid solution #738 after 100 attempts
Warning: Failed to generate valid solution #739 after 100 attempts
Warning: Failed to generate valid solution #740 after 100 attempts
Warning: Failed to generate valid solution #741 after 100 attempts
Warning: Failed to generate valid solution #742 after 100 attempts
Warning: Failed to generate valid solution #743 after 100 attempts
Warning: Failed to generate valid solution #744 after 100 attempts
Warning: Failed to generate valid solution #745 after 100 attempts
Warning: Failed to generate valid solution #746 after 100 attempts
Warning: Failed to generate valid solution #747 after 100 attempts
Warning: Failed to generate valid solution #748 after 100 attempts
Warning: Failed to generate valid solution #749 after 100 attempts
Warning: Failed to generate valid solution #750 after 100 attempts
Warning: Failed to generate valid solution #751 after 100 attempts
Warning: Failed to generate valid solution #752 after 100 attempts
Warning: Failed to generate valid solution #753 after 100 attempts
Warning: Failed to generate valid solution #754 after 100 attempts
Warning: Failed to generate valid solution #755 after 100 attempts
Warning: Failed to generate valid solution #756 after 100 attempts
Warning: Failed to generate valid solution #757 after 100 attempts
Warning: Failed to generate valid solution #758 after 100 attempts
Warning: Failed to generate valid solution #759 after 100 attempts
Warning: Failed to generate valid solution #760 after 100 attempts
Warning: Failed to generate valid solution #761 after 100 attempts
Warning: Failed to generate valid solution #762 after 100 attempts
Warning: Failed to generate valid solution #763 after 100 attempts
Warning: Failed to generate valid solution #764 after 100 attempts
Warning: Failed to generate valid solution #765 after 100 attempts
Warning: Failed to generate valid solution #766 after 100 attempts
Warning: Failed to generate valid solution #767 after 100 attempts
Warning: Failed to generate valid solution #768 after 100 attempts
Warning: Failed to generate valid solution #769 after 100 attempts
Warning: Failed to generate valid solution #770 after 100 attempts
Warning: Failed to generate valid solution #771 after 100 attempts
Warning: Failed to generate valid solution #772 after 100 attempts
Warning: Failed to generate valid solution #773 after 100 attempts
Warning: Failed to generate valid solution #774 after 100 attempts
Warning: Failed to generate valid solution #775 after 100 attempts
Warning: Failed to generate valid solution #776 after 100 attempts
Warning: Failed to generate valid solution #777 after 100 attempts
Warning: Failed to generate valid solution #778 after 100 attempts
Warning: Failed to generate valid solution #779 after 100 attempts
Warning: Failed to generate valid solution #780 after 100 attempts
Warning: Failed to generate valid solution #781 after 100 attempts
Warning: Failed to generate valid solution #782 after 100 attempts
Warning: Failed to generate valid solution #783 after 100 attempts
Warning: Failed to generate valid solution #784 after 100 attempts
Warning: Failed to generate valid solution #785 after 100 attempts
Warning: Failed to generate valid solution #786 after 100 attempts
Warning: Failed to generate valid solution #787 after 100 attempts
Warning: Failed to generate valid solution #788 after 100 attempts
Warning: Failed to generate valid solution #789 after 100 attempts
Warning: Failed to generate valid solution #790 after 100 attempts
Warning: Failed to generate valid solution #791 after 100 attempts
Warning: Failed to generate valid solution #792 after 100 attempts
Warning: Failed to generate valid solution #793 after 100 attempts
Warning: Failed to generate valid solution #794 after 100 attempts
Warning: Failed to generate valid solution #795 after 100 attempts
Warning: Failed to generate valid solution #796 after 100 attempts
Warning: Failed to generate valid solution #797 after 100 attempts
Warning: Failed to generate valid solution #798 after 100 attempts
Warning: Failed to generate valid solution #799 after 100 attempts
Warning: Failed to generate valid solution #800 after 100 attempts
Warning: Failed to generate valid solution #801 after 100 attempts
Warning: Failed to generate valid solution #802 after 100 attempts
Warning: Failed to generate valid solution #803 after 100 attempts
Warning: Failed to generate valid solution #804 after 100 attempts
Warning: Failed to generate valid solution #805 after 100 attempts
Warning: Failed to generate valid solution #806 after 100 attempts
Warning: Failed to generate valid solution #807 after 100 attempts
Warning: Failed to generate valid solution #808 after 100 attempts
Warning: Failed to generate valid solution #809 after 100 attempts
Warning: Failed to generate valid solution #810 after 100 attempts
Warning: Failed to generate valid solution #811 after 100 attempts
Warning: Failed to generate valid solution #812 after 100 attempts
Warning: Failed to generate valid solution #813 after 100 attempts
Warning: Failed to generate valid solution #814 after 100 attempts
Warning: Failed to generate valid solution #815 after 100 attempts
Warning: Failed to generate valid solution #816 after 100 attempts
Warning: Failed to generate valid solution #817 after 100 attempts
Warning: Failed to generate valid solution #818 after 100 attempts
Warning: Failed to generate valid solution #819 after 100 attempts
Warning: Failed to generate valid solution #820 after 100 attempts
Warning: Failed to generate valid solution #821 after 100 attempts
Warning: Failed to generate valid solution #822 after 100 attempts
Warning: Failed to generate valid solution #823 after 100 attempts
Warning: Failed to generate valid solution #824 after 100 attempts
Warning: Failed to generate valid solution #825 after 100 attempts
Warning: Failed to generate valid solution #826 after 100 attempts
Warning: Failed to generate valid solution #827 after 100 attempts
Warning: Failed to generate valid solution #828 after 100 attempts
Warning: Failed to generate valid solution #829 after 100 attempts
Warning: Failed to generate valid solution #830 after 100 attempts
Warning: Failed to generate valid solution #831 after 100 attempts
Warning: Failed to generate valid solution #832 after 100 attempts
Warning: Failed to generate valid solution #833 after 100 attempts
Warning: Failed to generate valid solution #834 after 100 attempts
Warning: Failed to generate valid solution #835 after 100 attempts
Warning: Failed to generate valid solution #836 after 100 attempts
Warning: Failed to generate valid solution #837 after 100 attempts
Warning: Failed to generate valid solution #838 after 100 attempts
Warning: Failed to generate valid solution #839 after 100 attempts
Warning: Failed to generate valid solution #840 after 100 attempts
Warning: Failed to generate valid solution #841 after 100 attempts
Warning: Failed to generate valid solution #842 after 100 attempts
Warning: Failed to generate valid solution #843 after 100 attempts
Warning: Failed to generate valid solution #844 after 100 attempts
Warning: Failed to generate valid solution #845 after 100 attempts
Warning: Failed to generate valid solution #846 after 100 attempts
Warning: Failed to generate valid solution #847 after 100 attempts
Warning: Failed to generate valid solution #848 after 100 attempts
Warning: Failed to generate valid solution #849 after 100 attempts
Warning: Failed to generate valid solution #850 after 100 attempts
Warning: Failed to generate valid solution #851 after 100 attempts
Warning: Failed to generate valid solution #852 after 100 attempts
Warning: Failed to generate valid solution #853 after 100 attempts
Warning: Failed to generate valid solution #854 after 100 attempts
Warning: Failed to generate valid solution #855 after 100 attempts
Warning: Failed to generate valid solution #856 after 100 attempts
Warning: Failed to generate valid solution #857 after 100 attempts
Warning: Failed to generate valid solution #858 after 100 attempts
Warning: Failed to generate valid solution #859 after 100 attempts
Warning: Failed to generate valid solution #860 after 100 attempts
Warning: Failed to generate valid solution #861 after 100 attempts
Warning: Failed to generate valid solution #862 after 100 attempts
Warning: Failed to generate valid solution #863 after 100 attempts
Warning: Failed to generate valid solution #864 after 100 attempts
Warning: Failed to generate valid solution #865 after 100 attempts
Warning: Failed to generate valid solution #866 after 100 attempts
Warning: Failed to generate valid solution #867 after 100 attempts
Warning: Failed to generate valid solution #868 after 100 attempts
Warning: Failed to generate valid solution #869 after 100 attempts
Warning: Failed to generate valid solution #870 after 100 attempts
Warning: Failed to generate valid solution #871 after 100 attempts
Warning: Failed to generate valid solution #872 after 100 attempts
Warning: Failed to generate valid solution #873 after 100 attempts
Warning: Failed to generate valid solution #874 after 100 attempts
Warning: Failed to generate valid solution #875 after 100 attempts
Warning: Failed to generate valid solution #876 after 100 attempts
Warning: Failed to generate valid solution #877 after 100 attempts
Warning: Failed to generate valid solution #878 after 100 attempts
Warning: Failed to generate valid solution #879 after 100 attempts
Warning: Failed to generate valid solution #880 after 100 attempts
Warning: Failed to generate valid solution #881 after 100 attempts
Warning: Failed to generate valid solution #882 after 100 attempts
Warning: Failed to generate valid solution #883 after 100 attempts
Warning: Failed to generate valid solution #884 after 100 attempts
Warning: Failed to generate valid solution #885 after 100 attempts
Warning: Failed to generate valid solution #886 after 100 attempts
Warning: Failed to generate valid solution #887 after 100 attempts
Warning: Failed to generate valid solution #888 after 100 attempts
Warning: Failed to generate valid solution #889 after 100 attempts
Warning: Failed to generate valid solution #890 after 100 attempts
Warning: Failed to generate valid solution #891 after 100 attempts
Warning: Failed to generate valid solution #892 after 100 attempts
Warning: Failed to generate valid solution #893 after 100 attempts
Warning: Failed to generate valid solution #894 after 100 attempts
Warning: Failed to generate valid solution #895 after 100 attempts
Warning: Failed to generate valid solution #896 after 100 attempts
Warning: Failed to generate valid solution #897 after 100 attempts
Warning: Failed to generate valid solution #898 after 100 attempts
Warning: Failed to generate valid solution #899 after 100 attempts
Warning: Failed to generate valid solution #900 after 100 attempts
Warning: Failed to generate valid solution #901 after 100 attempts
Warning: Failed to generate valid solution #902 after 100 attempts
Warning: Failed to generate valid solution #903 after 100 attempts
Warning: Failed to generate valid solution #904 after 100 attempts
Warning: Failed to generate valid solution #905 after 100 attempts
Warning: Failed to generate valid solution #906 after 100 attempts
Warning: Failed to generate valid solution #907 after 100 attempts
Warning: Failed to generate valid solution #908 after 100 attempts
Warning: Failed to generate valid solution #909 after 100 attempts
Warning: Failed to generate valid solution #910 after 100 attempts
Warning: Failed to generate valid solution #911 after 100 attempts
Warning: Failed to generate valid solution #912 after 100 attempts
Warning: Failed to generate valid solution #913 after 100 attempts
Warning: Failed to generate valid solution #914 after 100 attempts
Warning: Failed to generate valid solution #915 after 100 attempts
Warning: Failed to generate valid solution #916 after 100 attempts
Warning: Failed to generate valid solution #917 after 100 attempts
Warning: Failed to generate valid solution #918 after 100 attempts
Warning: Failed to generate valid solution #919 after 100 attempts
Warning: Failed to generate valid solution #920 after 100 attempts
Warning: Failed to generate valid solution #921 after 100 attempts
Warning: Failed to generate valid solution #922 after 100 attempts
Warning: Failed to generate valid solution #923 after 100 attempts
Warning: Failed to generate valid solution #924 after 100 attempts
Warning: Failed to generate valid solution #925 after 100 attempts
Warning: Failed to generate valid solution #926 after 100 attempts
Warning: Failed to generate valid solution #927 after 100 attempts
Warning: Failed to generate valid solution #928 after 100 attempts
Warning: Failed to generate valid solution #929 after 100 attempts
Warning: Failed to generate valid solution #930 after 100 attempts
Warning: Failed to generate valid solution #931 after 100 attempts
Warning: Failed to generate valid solution #932 after 100 attempts
Warning: Failed to generate valid solution #933 after 100 attempts
Warning: Failed to generate valid solution #934 after 100 attempts
Warning: Failed to generate valid solution #935 after 100 attempts
Warning: Failed to generate valid solution #936 after 100 attempts
Warning: Failed to generate valid solution #937 after 100 attempts
Warning: Failed to generate valid solution #938 after 100 attempts
Warning: Failed to generate valid solution #939 after 100 attempts
Warning: Failed to generate valid solution #940 after 100 attempts
Warning: Failed to generate valid solution #941 after 100 attempts
Warning: Failed to generate valid solution #942 after 100 attempts
Warning: Failed to generate valid solution #943 after 100 attempts
Warning: Failed to generate valid solution #944 after 100 attempts
Warning: Failed to generate valid solution #945 after 100 attempts
Warning: Failed to generate valid solution #946 after 100 attempts
Warning: Failed to generate valid solution #947 after 100 attempts
Warning: Failed to generate valid solution #948 after 100 attempts
Warning: Failed to generate valid solution #949 after 100 attempts
Warning: Failed to generate valid solution #950 after 100 attempts
Warning: Failed to generate valid solution #951 after 100 attempts
Warning: Failed to generate valid solution #952 after 100 attempts
Warning: Failed to generate valid solution #953 after 100 attempts
Warning: Failed to generate valid solution #954 after 100 attempts
Warning: Failed to generate valid solution #955 after 100 attempts
Warning: Failed to generate valid solution #956 after 100 attempts
Warning: Failed to generate valid solution #957 after 100 attempts
Warning: Failed to generate valid solution #958 after 100 attempts
Warning: Failed to generate valid solution #959 after 100 attempts
Warning: Failed to generate valid solution #960 after 100 attempts
Warning: Failed to generate valid solution #961 after 100 attempts
Warning: Failed to generate valid solution #962 after 100 attempts
Warning: Failed to generate valid solution #963 after 100 attempts
Warning: Failed to generate valid solution #964 after 100 attempts
Warning: Failed to generate valid solution #965 after 100 attempts
Warning: Failed to generate valid solution #966 after 100 attempts
Warning: Failed to generate valid solution #967 after 100 attempts
Warning: Failed to generate valid solution #968 after 100 attempts
Warning: Failed to generate valid solution #969 after 100 attempts
Warning: Failed to generate valid solution #970 after 100 attempts
Warning: Failed to generate valid solution #971 after 100 attempts
Warning: Failed to generate valid solution #972 after 100 attempts
Warning: Failed to generate valid solution #973 after 100 attempts
Warning: Failed to generate valid solution #974 after 100 attempts
Warning: Failed to generate valid solution #975 after 100 attempts
Warning: Failed to generate valid solution #976 after 100 attempts
Warning: Failed to generate valid solution #977 after 100 attempts
Warning: Failed to generate valid solution #978 after 100 attempts
Warning: Failed to generate valid solution #979 after 100 attempts
Warning: Failed to generate valid solution #980 after 100 attempts
Warning: Failed to generate valid solution #981 after 100 attempts
Warning: Failed to generate valid solution #982 after 100 attempts
Warning: Failed to generate valid solution #983 after 100 attempts
Warning: Failed to generate valid solution #984 after 100 attempts
Warning: Failed to generate valid solution #985 after 100 attempts
Warning: Failed to generate valid solution #986 after 100 attempts
Warning: Failed to generate valid solution #987 after 100 attempts
Warning: Failed to generate valid solution #988 after 100 attempts
Warning: Failed to generate valid solution #989 after 100 attempts
Warning: Failed to generate valid solution #990 after 100 attempts
Warning: Failed to generate valid solution #991 after 100 attempts
Warning: Failed to generate valid solution #992 after 100 attempts
Warning: Failed to generate valid solution #993 after 100 attempts
Warning: Failed to generate valid solution #994 after 100 attempts
Warning: Failed to generate valid solution #995 after 100 attempts
Warning: Failed to generate valid solution #996 after 100 attempts
Warning: Failed to generate valid solution #997 after 100 attempts
Warning: Failed to generate valid solution #998 after 100 attempts
Warning: Failed to generate valid solution #999 after 100 attempts
Warning: Failed to generate valid solution #1000 after 100 attempts
Successfully generated 1000 solutions
